INFO: 2014-10-16 22:41:03 step @ l196 -- $v1 = tmp_pc
INFO: 2014-10-16 22:41:03 step @ l296 -- $v0 = 0xa6f8eb93
INFO: 2014-10-16 22:41:03 step @ l263 -- $v0 = $v1 ^ $v0
INFO: 2014-10-16 22:41:03 step @ l180 -- tmp_pc = $v0
INFO: 2014-10-16 22:41:03 step @ l196 -- $v0 = tmp_pc
INFO: 2014-10-16 22:41:03 step @ l212 -- $v1 = $v0 << 23
INFO: 2014-10-16 22:41:03 step @ l233 -- $v0 >>= 9
INFO: 2014-10-16 22:41:03 step @ l254 -- $v0 = $v1 | $v0
INFO: 2014-10-16 22:41:03 step @ l180 -- tmp_pc = $v0
INFO: 2014-10-16 22:41:03 step @ l196 -- $v1 = tmp_pc
INFO: 2014-10-16 22:41:03 step @ l296 -- $v0 = 0x4beab6d7
INFO: 2014-10-16 22:41:03 step @ l272 -- $v0 = $v1 + $v0
INFO: 2014-10-16 22:41:03 step @ l180 -- tmp_pc = $v0
INFO: 2014-10-16 22:41:03 step @ l196 -- $v1 = tmp_pc
INFO: 2014-10-16 22:41:03 step @ l296 -- $v0 = 0x6fc06733
INFO: 2014-10-16 22:41:03 step @ l272 -- $v0 = $v1 + $v0
INFO: 2014-10-16 22:41:03 step @ l180 -- tmp_pc = $v0
INFO: 2014-10-16 22:41:03 step @ l196 -- $v1 = tmp_pc
INFO: 2014-10-16 22:41:03 step @ l296 -- $v0 = 0xb2fc8ccd
INFO: 2014-10-16 22:41:03 step @ l263 -- $v0 = $v1 ^ $v0
INFO: 2014-10-16 22:41:03 step @ l180 -- tmp_pc = $v0
INFO: 2014-10-16 22:41:03 step @ l196 -- $v1 = tmp_pc
INFO: 2014-10-16 22:41:03 step @ l196 -- $v0 = var_2F0
INFO: 2014-10-16 22:41:03 step @ l263 -- $v0 = $v1 ^ $v0
INFO: 2014-10-16 22:41:03 step @ l180 -- tmp_pc = $v0
INFO: 2014-10-16 22:41:03 step @ l196 -- $v1 = tmp_pc
INFO: 2014-10-16 22:41:03 step @ l296 -- $v0 = 0xf39adea8
INFO: 2014-10-16 22:41:03 step @ l272 -- $v0 = $v1 + $v0
INFO: 2014-10-16 22:41:03 step @ l180 -- tmp_pc = $v0
INFO: 2014-10-16 22:41:03 step @ l196 -- $v0 = var_2F0
INFO: 2014-10-16 22:41:03 step @ l290 -- $v0 += 1
INFO: 2014-10-16 22:41:03 step @ l196 -- $v1 = tmp_pc
INFO: 2014-10-16 22:41:03 step @ l224 -- $v1 <<= $v0
INFO: 2014-10-16 22:41:03 step @ l196 -- $v0 = var_2F0
INFO: 2014-10-16 22:41:03 step @ l248 -- $v0 = ~($zero | $v0)
INFO: 2014-10-16 22:41:03 step @ l290 -- $v0 += 32
INFO: 2014-10-16 22:41:03 step @ l196 -- $a0 = tmp_pc
INFO: 2014-10-16 22:41:03 step @ l239 -- $v0 = $a0 >> $v0
INFO: 2014-10-16 22:41:03 step @ l254 -- $v0 = $v1 | $v0
INFO: 2014-10-16 22:41:03 step @ l180 -- tmp_pc = $v0
INFO: 2014-10-16 22:41:03 step @ l196 -- $v0 = tmp_pc
INFO: 2014-10-16 22:41:03 step @ l248 -- $v0 = ~($zero | $v0)
INFO: 2014-10-16 22:41:03 step @ l180 -- tmp_pc = $v0
INFO: 2014-10-16 22:41:03 step @ l196 -- $v0 = tmp_pc
INFO: 2014-10-16 22:41:03 step @ l212 -- $v1 = $v0 << 2
INFO: 2014-10-16 22:41:03 step @ l233 -- $v0 >>= 30
INFO: 2014-10-16 22:41:03 step @ l254 -- $v0 = $v1 | $v0
INFO: 2014-10-16 22:41:03 step @ l180 -- tmp_pc = $v0
INFO: 2014-10-16 22:41:03 step @ l196 -- $v1 = tmp_pc
INFO: 2014-10-16 22:41:03 step @ l196 -- $v0 = var_2F0
INFO: 2014-10-16 22:41:03 step @ l305 -- $v0 = $v1 - $v0
INFO: 2014-10-16 22:41:03 step @ l180 -- tmp_pc = $v0
INFO: 2014-10-16 22:41:03 step @ l196 -- $v1 = tmp_pc
INFO: 2014-10-16 22:41:03 step @ l196 -- $v0 = var_2F0
INFO: 2014-10-16 22:41:03 step @ l305 -- $v0 = $v1 - $v0
INFO: 2014-10-16 22:41:03 step @ l180 -- tmp_pc = $v0
INFO: 2014-10-16 22:41:03 step @ l196 -- $v0 = tmp_pc
INFO: 2014-10-16 22:41:03 step @ l212 -- $v1 = $v0 << 27
INFO: 2014-10-16 22:41:03 step @ l233 -- $v0 >>= 5
INFO: 2014-10-16 22:41:03 step @ l254 -- $v0 = $v1 | $v0
INFO: 2014-10-16 22:41:03 step @ l180 -- tmp_pc = $v0
INFO: 2014-10-16 22:41:03 step @ l196 -- $v1 = tmp_pc
INFO: 2014-10-16 22:41:03 step @ l196 -- $v0 = var_2F0
INFO: 2014-10-16 22:41:03 step @ l272 -- $v0 = $v1 + $v0
INFO: 2014-10-16 22:41:03 step @ l180 -- tmp_pc = $v0
INFO: 2014-10-16 22:41:03 step @ l196 -- $v1 = tmp_pc
INFO: 2014-10-16 22:41:03 step @ l196 -- $v0 = var_2F0
INFO: 2014-10-16 22:41:03 step @ l305 -- $v0 = $v1 - $v0
INFO: 2014-10-16 22:41:03 step @ l180 -- tmp_pc = $v0
INFO: 2014-10-16 22:41:03 step @ l196 -- $v0 = var_2F0
INFO: 2014-10-16 22:41:03 step @ l290 -- $v0 += 1
INFO: 2014-10-16 22:41:03 step @ l196 -- $v1 = tmp_pc
INFO: 2014-10-16 22:41:03 step @ l224 -- $v1 <<= $v0
INFO: 2014-10-16 22:41:03 step @ l196 -- $v0 = var_2F0
INFO: 2014-10-16 22:41:03 step @ l248 -- $v0 = ~($zero | $v0)
INFO: 2014-10-16 22:41:03 step @ l290 -- $v0 += 32
INFO: 2014-10-16 22:41:03 step @ l196 -- $a0 = tmp_pc
INFO: 2014-10-16 22:41:03 step @ l239 -- $v0 = $a0 >> $v0
INFO: 2014-10-16 22:41:03 step @ l254 -- $v0 = $v1 | $v0
INFO: 2014-10-16 22:41:03 step @ l180 -- tmp_pc = $v0
INFO: 2014-10-16 22:41:03 step @ l196 -- $v0 = tmp_pc
INFO: 2014-10-16 22:41:03 step @ l212 -- $v1 = $v0 << 19
INFO: 2014-10-16 22:41:03 step @ l233 -- $v0 >>= 13
INFO: 2014-10-16 22:41:03 step @ l254 -- $v0 = $v1 | $v0
INFO: 2014-10-16 22:41:03 step @ l180 -- tmp_pc = $v0
INFO: 2014-10-16 22:41:03 step @ l196 -- $v0 = var_2F0
INFO: 2014-10-16 22:41:03 step @ l290 -- $v0 += 1
INFO: 2014-10-16 22:41:03 step @ l196 -- $v1 = tmp_pc
INFO: 2014-10-16 22:41:03 step @ l242 -- $v1 >>= $v0
INFO: 2014-10-16 22:41:03 step @ l196 -- $v0 = var_2F0
INFO: 2014-10-16 22:41:03 step @ l248 -- $v0 = ~($zero | $v0)
INFO: 2014-10-16 22:41:03 step @ l290 -- $v0 += 32
INFO: 2014-10-16 22:41:03 step @ l196 -- $a0 = tmp_pc
INFO: 2014-10-16 22:41:03 step @ l221 -- $v0 = $a0 << $v0
INFO: 2014-10-16 22:41:03 step @ l254 -- $v0 = $v1 | $v0
INFO: 2014-10-16 22:41:03 step @ l180 -- tmp_pc = $v0
INFO: 2014-10-16 22:41:03 step @ l196 -- $v0 = tmp_pc
INFO: 2014-10-16 22:41:03 step @ l212 -- $v1 = $v0 << 12
INFO: 2014-10-16 22:41:03 step @ l233 -- $v0 >>= 20
INFO: 2014-10-16 22:41:03 step @ l254 -- $v0 = $v1 | $v0
INFO: 2014-10-16 22:41:03 step @ l180 -- tmp_pc = $v0
INFO: 2014-10-16 22:41:03 step @ l196 -- $v1 = tmp_pc
INFO: 2014-10-16 22:41:03 step @ l296 -- $v0 = 0xdb3b6bcb
INFO: 2014-10-16 22:41:03 step @ l272 -- $v0 = $v1 + $v0
INFO: 2014-10-16 22:41:03 step @ l180 -- tmp_pc = $v0
INFO: 2014-10-16 22:41:03 step @ l196 -- $v1 = tmp_pc
INFO: 2014-10-16 22:41:03 step @ l296 -- $v0 = 0x21bfc94a
INFO: 2014-10-16 22:41:03 step @ l272 -- $v0 = $v1 + $v0
INFO: 2014-10-16 22:41:03 step @ l180 -- tmp_pc = $v0
INFO: 2014-10-16 22:41:03 step @ l196 -- $v1 = tmp_pc
INFO: 2014-10-16 22:41:03 step @ l296 -- $v0 = 0x46219385
INFO: 2014-10-16 22:41:03 step @ l263 -- $v0 = $v1 ^ $v0
INFO: 2014-10-16 22:41:03 step @ l180 -- tmp_pc = $v0
INFO: 2014-10-16 22:41:03 step @ l196 -- $v1 = tmp_pc
INFO: 2014-10-16 22:41:03 step @ l196 -- $v0 = var_2F0
INFO: 2014-10-16 22:41:03 step @ l263 -- $v0 = $v1 ^ $v0
INFO: 2014-10-16 22:41:03 step @ l180 -- tmp_pc = $v0
INFO: 2014-10-16 22:41:03 step @ l196 -- $v0 = tmp_pc
INFO: 2014-10-16 22:41:03 step @ l212 -- $v1 = $v0 << 18
INFO: 2014-10-16 22:41:03 step @ l233 -- $v0 >>= 14
INFO: 2014-10-16 22:41:03 step @ l254 -- $v0 = $v1 | $v0
INFO: 2014-10-16 22:41:03 step @ l180 -- tmp_pc = $v0
INFO: 2014-10-16 22:41:03 step @ l196 -- $v0 = var_2F0
INFO: 2014-10-16 22:41:03 step @ l290 -- $v0 += 1
INFO: 2014-10-16 22:41:03 step @ l196 -- $v1 = tmp_pc
INFO: 2014-10-16 22:41:03 step @ l242 -- $v1 >>= $v0
INFO: 2014-10-16 22:41:03 step @ l196 -- $v0 = var_2F0
INFO: 2014-10-16 22:41:03 step @ l248 -- $v0 = ~($zero | $v0)
INFO: 2014-10-16 22:41:03 step @ l290 -- $v0 += 32
INFO: 2014-10-16 22:41:03 step @ l196 -- $a0 = tmp_pc
INFO: 2014-10-16 22:41:03 step @ l221 -- $v0 = $a0 << $v0
INFO: 2014-10-16 22:41:03 step @ l254 -- $v0 = $v1 | $v0
INFO: 2014-10-16 22:41:03 step @ l180 -- tmp_pc = $v0
INFO: 2014-10-16 22:41:03 step @ l196 -- $v0 = tmp_pc
INFO: 2014-10-16 22:41:03 step @ l212 -- $v1 = $v0 << 29
INFO: 2014-10-16 22:41:03 step @ l233 -- $v0 >>= 3
INFO: 2014-10-16 22:41:03 step @ l254 -- $v0 = $v1 | $v0
INFO: 2014-10-16 22:41:03 step @ l180 -- tmp_pc = $v0
INFO: 2014-10-16 22:41:03 step @ l196 -- $v1 = tmp_pc
INFO: 2014-10-16 22:41:03 step @ l196 -- $v0 = var_2F0
INFO: 2014-10-16 22:41:03 step @ l305 -- $v0 = $v1 - $v0
INFO: 2014-10-16 22:41:03 step @ l180 -- tmp_pc = $v0
INFO: 2014-10-16 22:41:03 step @ l196 -- $v1 = tmp_pc
INFO: 2014-10-16 22:41:03 step @ l296 -- $v0 = 0xe9d9f9ab
INFO: 2014-10-16 22:41:03 step @ l272 -- $v0 = $v1 + $v0
INFO: 2014-10-16 22:41:03 step @ l180 -- tmp_pc = $v0
INFO: 2014-10-16 22:41:03 step @ l196 -- $v1 = tmp_pc
INFO: 2014-10-16 22:41:03 step @ l296 -- $v0 = 0x43d5488f
INFO: 2014-10-16 22:41:03 step @ l272 -- $v0 = $v1 + $v0
INFO: 2014-10-16 22:41:03 step @ l180 -- tmp_pc = $v0
INFO: 2014-10-16 22:41:03 step @ l196 -- $v1 = tmp_pc
INFO: 2014-10-16 22:41:03 step @ l296 -- $v0 = 0x193403fa
INFO: 2014-10-16 22:41:03 step @ l263 -- $v0 = $v1 ^ $v0
INFO: 2014-10-16 22:41:03 step @ l180 -- tmp_pc = $v0
INFO: 2014-10-16 22:41:03 step @ l196 -- $v0 = tmp_pc
INFO: 2014-10-16 22:41:03 step @ l212 -- $v1 = $v0 << 24
INFO: 2014-10-16 22:41:03 step @ l233 -- $v0 >>= 8
INFO: 2014-10-16 22:41:03 step @ l254 -- $v0 = $v1 | $v0
INFO: 2014-10-16 22:41:03 step @ l180 -- tmp_pc = $v0
INFO: 2014-10-16 22:41:03 step @ l196 -- $v0 = tmp_pc
INFO: 2014-10-16 22:41:03 step @ l212 -- $v1 = $v0 << 18
INFO: 2014-10-16 22:41:03 step @ l233 -- $v0 >>= 14
INFO: 2014-10-16 22:41:03 step @ l254 -- $v0 = $v1 | $v0
INFO: 2014-10-16 22:41:03 step @ l180 -- tmp_pc = $v0
INFO: 2014-10-16 22:41:03 step @ l196 -- $v1 = tmp_pc
INFO: 2014-10-16 22:41:03 step @ l296 -- $v0 = 0x63c954e3
INFO: 2014-10-16 22:41:03 step @ l272 -- $v0 = $v1 + $v0
INFO: 2014-10-16 22:41:03 step @ l180 -- tmp_pc = $v0
INFO: 2014-10-16 22:41:03 step @ l196 -- $v0 = tmp_pc
INFO: 2014-10-16 22:41:03 step @ l212 -- $v1 = $v0 << 4
INFO: 2014-10-16 22:41:03 step @ l233 -- $v0 >>= 28
INFO: 2014-10-16 22:41:03 step @ l254 -- $v0 = $v1 | $v0
INFO: 2014-10-16 22:41:03 step @ l180 -- tmp_pc = $v0
INFO: 2014-10-16 22:41:03 step @ l196 -- $v0 = tmp_pc
INFO: 2014-10-16 22:41:03 step @ l212 -- $v1 = $v0 << 3
INFO: 2014-10-16 22:41:03 step @ l233 -- $v0 >>= 29
INFO: 2014-10-16 22:41:03 step @ l254 -- $v0 = $v1 | $v0
INFO: 2014-10-16 22:41:03 step @ l180 -- tmp_pc = $v0
INFO: 2014-10-16 22:41:03 step @ l196 -- $v0 = tmp_pc
INFO: 2014-10-16 22:41:03 step @ l212 -- $v1 = $v0 << 6
INFO: 2014-10-16 22:41:03 step @ l233 -- $v0 >>= 26
INFO: 2014-10-16 22:41:03 step @ l254 -- $v0 = $v1 | $v0
INFO: 2014-10-16 22:41:03 step @ l180 -- tmp_pc = $v0
INFO: 2014-10-16 22:41:03 step @ l196 -- $v1 = tmp_pc
INFO: 2014-10-16 22:41:03 step @ l196 -- $v0 = var_2F0
INFO: 2014-10-16 22:41:03 step @ l263 -- $v0 = $v1 ^ $v0
INFO: 2014-10-16 22:41:03 step @ l180 -- tmp_pc = $v0
INFO: 2014-10-16 22:41:03 step @ l196 -- $v1 = tmp_pc
INFO: 2014-10-16 22:41:03 step @ l196 -- $v0 = var_2F0
INFO: 2014-10-16 22:41:03 step @ l305 -- $v0 = $v1 - $v0
INFO: 2014-10-16 22:41:03 step @ l180 -- tmp_pc = $v0
INFO: 2014-10-16 22:41:03 step @ l196 -- $v1 = tmp_pc
INFO: 2014-10-16 22:41:03 step @ l196 -- $v0 = var_2F0
INFO: 2014-10-16 22:41:03 step @ l305 -- $v0 = $v1 - $v0
INFO: 2014-10-16 22:41:03 step @ l180 -- tmp_pc = $v0
INFO: 2014-10-16 22:41:03 step @ l196 -- $v1 = tmp_pc
INFO: 2014-10-16 22:41:03 step @ l196 -- $v0 = var_2F0
INFO: 2014-10-16 22:41:03 step @ l305 -- $v0 = $v1 - $v0
INFO: 2014-10-16 22:41:03 step @ l180 -- tmp_pc = $v0
INFO: 2014-10-16 22:41:03 step @ l196 -- $v1 = tmp_pc
INFO: 2014-10-16 22:41:03 step @ l196 -- $v0 = var_2F0
INFO: 2014-10-16 22:41:03 step @ l263 -- $v0 = $v1 ^ $v0
INFO: 2014-10-16 22:41:03 step @ l180 -- tmp_pc = $v0
INFO: 2014-10-16 22:41:03 step @ l196 -- $v0 = tmp_pc
INFO: 2014-10-16 22:41:03 step @ l212 -- $v1 = $v0 << 29
INFO: 2014-10-16 22:41:03 step @ l233 -- $v0 >>= 3
INFO: 2014-10-16 22:41:03 step @ l254 -- $v0 = $v1 | $v0
INFO: 2014-10-16 22:41:03 step @ l180 -- tmp_pc = $v0
INFO: 2014-10-16 22:41:03 step @ l196 -- $v1 = tmp_pc
INFO: 2014-10-16 22:41:03 step @ l296 -- $v0 = 0xed1afd50
INFO: 2014-10-16 22:41:03 step @ l272 -- $v0 = $v1 + $v0
INFO: 2014-10-16 22:41:03 step @ l180 -- tmp_pc = $v0
INFO: 2014-10-16 22:41:03 step @ l196 -- $v1 = tmp_pc
INFO: 2014-10-16 22:41:03 step @ l196 -- $v0 = var_2F0
INFO: 2014-10-16 22:41:03 step @ l305 -- $v0 = $v1 - $v0
INFO: 2014-10-16 22:41:03 step @ l180 -- tmp_pc = $v0
INFO: 2014-10-16 22:41:03 step @ l196 -- $v1 = tmp_pc
INFO: 2014-10-16 22:41:03 step @ l296 -- $v0 = 0xbe7fd9d7
INFO: 2014-10-16 22:41:03 step @ l272 -- $v0 = $v1 + $v0
INFO: 2014-10-16 22:41:03 step @ l180 -- tmp_pc = $v0
INFO: 2014-10-16 22:41:03 step @ l196 -- $v1 = tmp_pc
INFO: 2014-10-16 22:41:03 step @ l196 -- $v0 = var_2F0
INFO: 2014-10-16 22:41:03 step @ l305 -- $v0 = $v1 - $v0
INFO: 2014-10-16 22:41:03 step @ l180 -- tmp_pc = $v0
INFO: 2014-10-16 22:41:03 step @ l196 -- $v1 = tmp_pc
INFO: 2014-10-16 22:41:03 step @ l296 -- $v0 = 0xcee1cd73
INFO: 2014-10-16 22:41:03 step @ l263 -- $v0 = $v1 ^ $v0
INFO: 2014-10-16 22:41:03 step @ l180 -- tmp_pc = $v0
INFO: 2014-10-16 22:41:03 step @ l196 -- $v1 = tmp_pc
INFO: 2014-10-16 22:41:03 step @ l196 -- $v0 = var_2F0
INFO: 2014-10-16 22:41:03 step @ l305 -- $v0 = $v1 - $v0
INFO: 2014-10-16 22:41:03 step @ l180 -- tmp_pc = $v0
INFO: 2014-10-16 22:41:03 step @ l196 -- $v0 = tmp_pc
INFO: 2014-10-16 22:41:03 step @ l212 -- $v1 = $v0 << 11
INFO: 2014-10-16 22:41:03 step @ l233 -- $v0 >>= 21
INFO: 2014-10-16 22:41:03 step @ l254 -- $v0 = $v1 | $v0
INFO: 2014-10-16 22:41:03 step @ l180 -- tmp_pc = $v0
INFO: 2014-10-16 22:41:03 step @ l196 -- $v0 = var_2F0
INFO: 2014-10-16 22:41:03 step @ l290 -- $v0 += 1
INFO: 2014-10-16 22:41:03 step @ l196 -- $v1 = tmp_pc
INFO: 2014-10-16 22:41:03 step @ l224 -- $v1 <<= $v0
INFO: 2014-10-16 22:41:03 step @ l196 -- $v0 = var_2F0
INFO: 2014-10-16 22:41:03 step @ l248 -- $v0 = ~($zero | $v0)
INFO: 2014-10-16 22:41:03 step @ l290 -- $v0 += 32
INFO: 2014-10-16 22:41:03 step @ l196 -- $a0 = tmp_pc
INFO: 2014-10-16 22:41:03 step @ l239 -- $v0 = $a0 >> $v0
INFO: 2014-10-16 22:41:03 step @ l254 -- $v0 = $v1 | $v0
INFO: 2014-10-16 22:41:03 step @ l180 -- tmp_pc = $v0
INFO: 2014-10-16 22:41:03 step @ l196 -- $v1 = tmp_pc
INFO: 2014-10-16 22:41:03 step @ l196 -- $v0 = var_2F0
INFO: 2014-10-16 22:41:03 step @ l305 -- $v0 = $v1 - $v0
INFO: 2014-10-16 22:41:03 step @ l180 -- tmp_pc = $v0
INFO: 2014-10-16 22:41:03 step @ l196 -- $v0 = var_2F0
INFO: 2014-10-16 22:41:03 step @ l290 -- $v0 += 1
INFO: 2014-10-16 22:41:03 step @ l196 -- $v1 = tmp_pc
INFO: 2014-10-16 22:41:03 step @ l242 -- $v1 >>= $v0
INFO: 2014-10-16 22:41:03 step @ l196 -- $v0 = var_2F0
INFO: 2014-10-16 22:41:03 step @ l248 -- $v0 = ~($zero | $v0)
INFO: 2014-10-16 22:41:03 step @ l290 -- $v0 += 32
INFO: 2014-10-16 22:41:03 step @ l196 -- $a0 = tmp_pc
INFO: 2014-10-16 22:41:03 step @ l221 -- $v0 = $a0 << $v0
INFO: 2014-10-16 22:41:03 step @ l254 -- $v0 = $v1 | $v0
INFO: 2014-10-16 22:41:03 step @ l180 -- tmp_pc = $v0
INFO: 2014-10-16 22:41:03 step @ l196 -- $v0 = tmp_pc
INFO: 2014-10-16 22:41:03 step @ l248 -- $v0 = ~($zero | $v0)
INFO: 2014-10-16 22:41:03 step @ l180 -- tmp_pc = $v0
INFO: 2014-10-16 22:41:03 step @ l196 -- $v0 = var_2F0
INFO: 2014-10-16 22:41:03 step @ l290 -- $v0 += 1
INFO: 2014-10-16 22:41:03 step @ l196 -- $v1 = tmp_pc
INFO: 2014-10-16 22:41:03 step @ l242 -- $v1 >>= $v0
INFO: 2014-10-16 22:41:03 step @ l196 -- $v0 = var_2F0
INFO: 2014-10-16 22:41:03 step @ l248 -- $v0 = ~($zero | $v0)
INFO: 2014-10-16 22:41:03 step @ l290 -- $v0 += 32
INFO: 2014-10-16 22:41:03 step @ l196 -- $a0 = tmp_pc
INFO: 2014-10-16 22:41:03 step @ l221 -- $v0 = $a0 << $v0
INFO: 2014-10-16 22:41:03 step @ l254 -- $v0 = $v1 | $v0
INFO: 2014-10-16 22:41:03 step @ l180 -- tmp_pc = $v0
INFO: 2014-10-16 22:41:03 step @ l196 -- $v1 = tmp_pc
INFO: 2014-10-16 22:41:03 step @ l196 -- $v0 = var_2F0
INFO: 2014-10-16 22:41:03 step @ l305 -- $v0 = $v1 - $v0
INFO: 2014-10-16 22:41:03 step @ l180 -- tmp_pc = $v0
INFO: 2014-10-16 22:41:03 step @ l196 -- $v0 = tmp_pc
INFO: 2014-10-16 22:41:03 step @ l212 -- $v1 = $v0 << 22
INFO: 2014-10-16 22:41:03 step @ l233 -- $v0 >>= 10
INFO: 2014-10-16 22:41:03 step @ l254 -- $v0 = $v1 | $v0
INFO: 2014-10-16 22:41:03 step @ l180 -- tmp_pc = $v0
INFO: 2014-10-16 22:41:03 step @ l196 -- $v1 = tmp_pc
INFO: 2014-10-16 22:41:03 step @ l296 -- $v0 = 0xff135b81
INFO: 2014-10-16 22:41:03 step @ l272 -- $v0 = $v1 + $v0
INFO: 2014-10-16 22:41:03 step @ l180 -- tmp_pc = $v0
INFO: 2014-10-16 22:41:03 step @ l196 -- $v0 = var_2F0
INFO: 2014-10-16 22:41:03 step @ l290 -- $v0 += 1
INFO: 2014-10-16 22:41:03 step @ l196 -- $v1 = tmp_pc
INFO: 2014-10-16 22:41:03 step @ l224 -- $v1 <<= $v0
INFO: 2014-10-16 22:41:03 step @ l196 -- $v0 = var_2F0
INFO: 2014-10-16 22:41:03 step @ l248 -- $v0 = ~($zero | $v0)
INFO: 2014-10-16 22:41:03 step @ l290 -- $v0 += 32
INFO: 2014-10-16 22:41:03 step @ l196 -- $a0 = tmp_pc
INFO: 2014-10-16 22:41:03 step @ l239 -- $v0 = $a0 >> $v0
INFO: 2014-10-16 22:41:03 step @ l254 -- $v0 = $v1 | $v0
INFO: 2014-10-16 22:41:03 step @ l180 -- tmp_pc = $v0
INFO: 2014-10-16 22:41:03 step @ l196 -- $v0 = tmp_pc
INFO: 2014-10-16 22:41:03 step @ l212 -- $v1 = $v0 << 19
INFO: 2014-10-16 22:41:03 step @ l233 -- $v0 >>= 13
INFO: 2014-10-16 22:41:03 step @ l254 -- $v0 = $v1 | $v0
INFO: 2014-10-16 22:41:03 step @ l180 -- tmp_pc = $v0
INFO: 2014-10-16 22:41:03 step @ l196 -- $v1 = tmp_pc
INFO: 2014-10-16 22:41:03 step @ l196 -- $v0 = var_2F0
INFO: 2014-10-16 22:41:03 step @ l272 -- $v0 = $v1 + $v0
INFO: 2014-10-16 22:41:03 step @ l180 -- tmp_pc = $v0
INFO: 2014-10-16 22:41:03 step @ l196 -- $v0 = tmp_pc
INFO: 2014-10-16 22:41:03 step @ l248 -- $v0 = ~($zero | $v0)
INFO: 2014-10-16 22:41:03 step @ l180 -- tmp_pc = $v0
INFO: 2014-10-16 22:41:03 step @ l196 -- $v0 = var_2F0
INFO: 2014-10-16 22:41:03 step @ l290 -- $v0 += 1
INFO: 2014-10-16 22:41:03 step @ l196 -- $v1 = tmp_pc
INFO: 2014-10-16 22:41:03 step @ l242 -- $v1 >>= $v0
INFO: 2014-10-16 22:41:03 step @ l196 -- $v0 = var_2F0
INFO: 2014-10-16 22:41:03 step @ l248 -- $v0 = ~($zero | $v0)
INFO: 2014-10-16 22:41:03 step @ l290 -- $v0 += 32
INFO: 2014-10-16 22:41:03 step @ l196 -- $a0 = tmp_pc
INFO: 2014-10-16 22:41:03 step @ l221 -- $v0 = $a0 << $v0
INFO: 2014-10-16 22:41:03 step @ l254 -- $v0 = $v1 | $v0
INFO: 2014-10-16 22:41:03 step @ l180 -- tmp_pc = $v0
INFO: 2014-10-16 22:41:03 step @ l196 -- $v0 = tmp_pc
INFO: 2014-10-16 22:41:03 step @ l248 -- $v0 = ~($zero | $v0)
INFO: 2014-10-16 22:41:03 step @ l180 -- tmp_pc = $v0
INFO: 2014-10-16 22:41:03 step @ l196 -- $v0 = var_2F0
INFO: 2014-10-16 22:41:03 step @ l290 -- $v0 += 1
INFO: 2014-10-16 22:41:03 step @ l196 -- $v1 = tmp_pc
INFO: 2014-10-16 22:41:03 step @ l242 -- $v1 >>= $v0
INFO: 2014-10-16 22:41:03 step @ l196 -- $v0 = var_2F0
INFO: 2014-10-16 22:41:03 step @ l248 -- $v0 = ~($zero | $v0)
INFO: 2014-10-16 22:41:03 step @ l290 -- $v0 += 32
INFO: 2014-10-16 22:41:03 step @ l196 -- $a0 = tmp_pc
INFO: 2014-10-16 22:41:03 step @ l221 -- $v0 = $a0 << $v0
INFO: 2014-10-16 22:41:03 step @ l254 -- $v0 = $v1 | $v0
INFO: 2014-10-16 22:41:03 step @ l180 -- tmp_pc = $v0
INFO: 2014-10-16 22:41:03 step @ l196 -- $v0 = tmp_pc
INFO: 2014-10-16 22:41:03 step @ l248 -- $v0 = ~($zero | $v0)
INFO: 2014-10-16 22:41:03 step @ l180 -- tmp_pc = $v0
INFO: 2014-10-16 22:41:03 step @ l196 -- $v0 = tmp_pc
INFO: 2014-10-16 22:41:03 step @ l248 -- $v0 = ~($zero | $v0)
INFO: 2014-10-16 22:41:03 step @ l180 -- tmp_pc = $v0
INFO: 2014-10-16 22:41:03 step @ l196 -- $v0 = tmp_pc
INFO: 2014-10-16 22:41:03 step @ l248 -- $v0 = ~($zero | $v0)
INFO: 2014-10-16 22:41:03 step @ l180 -- tmp_pc = $v0
INFO: 2014-10-16 22:41:03 step @ l196 -- $v0 = var_2F0
INFO: 2014-10-16 22:41:03 step @ l290 -- $v0 += 1
INFO: 2014-10-16 22:41:03 step @ l196 -- $v1 = tmp_pc
INFO: 2014-10-16 22:41:03 step @ l242 -- $v1 >>= $v0
INFO: 2014-10-16 22:41:03 step @ l196 -- $v0 = var_2F0
INFO: 2014-10-16 22:41:03 step @ l248 -- $v0 = ~($zero | $v0)
INFO: 2014-10-16 22:41:03 step @ l290 -- $v0 += 32
INFO: 2014-10-16 22:41:03 step @ l196 -- $a0 = tmp_pc
INFO: 2014-10-16 22:41:03 step @ l221 -- $v0 = $a0 << $v0
INFO: 2014-10-16 22:41:03 step @ l254 -- $v0 = $v1 | $v0
INFO: 2014-10-16 22:41:03 step @ l180 -- tmp_pc = $v0
INFO: 2014-10-16 22:41:03 step @ l196 -- $v0 = tmp_pc
INFO: 2014-10-16 22:41:03 step @ l248 -- $v0 = ~($zero | $v0)
INFO: 2014-10-16 22:41:03 step @ l180 -- tmp_pc = $v0
INFO: 2014-10-16 22:41:03 step @ l196 -- $v1 = tmp_pc
INFO: 2014-10-16 22:41:03 step @ l296 -- $v0 = 0xd7c43caf
INFO: 2014-10-16 22:41:03 step @ l272 -- $v0 = $v1 + $v0
INFO: 2014-10-16 22:41:03 step @ l180 -- tmp_pc = $v0
INFO: 2014-10-16 22:41:03 step @ l196 -- $v1 = tmp_pc
INFO: 2014-10-16 22:41:03 step @ l196 -- $v0 = var_2F0
INFO: 2014-10-16 22:41:03 step @ l272 -- $v0 = $v1 + $v0
INFO: 2014-10-16 22:41:03 step @ l180 -- tmp_pc = $v0
INFO: 2014-10-16 22:41:03 step @ l196 -- $v0 = var_2F0
INFO: 2014-10-16 22:41:03 step @ l290 -- $v0 += 1
INFO: 2014-10-16 22:41:03 step @ l196 -- $v1 = tmp_pc
INFO: 2014-10-16 22:41:03 step @ l242 -- $v1 >>= $v0
INFO: 2014-10-16 22:41:03 step @ l196 -- $v0 = var_2F0
INFO: 2014-10-16 22:41:03 step @ l248 -- $v0 = ~($zero | $v0)
INFO: 2014-10-16 22:41:03 step @ l290 -- $v0 += 32
INFO: 2014-10-16 22:41:03 step @ l196 -- $a0 = tmp_pc
INFO: 2014-10-16 22:41:03 step @ l221 -- $v0 = $a0 << $v0
INFO: 2014-10-16 22:41:03 step @ l254 -- $v0 = $v1 | $v0
INFO: 2014-10-16 22:41:03 step @ l180 -- tmp_pc = $v0
INFO: 2014-10-16 22:41:03 step @ l196 -- $v1 = tmp_pc
INFO: 2014-10-16 22:41:03 step @ l196 -- $v0 = var_2F0
INFO: 2014-10-16 22:41:03 step @ l272 -- $v0 = $v1 + $v0
INFO: 2014-10-16 22:41:03 step @ l180 -- tmp_pc = $v0
INFO: 2014-10-16 22:41:03 step @ l196 -- $v0 = tmp_pc
INFO: 2014-10-16 22:41:03 step @ l248 -- $v0 = ~($zero | $v0)
INFO: 2014-10-16 22:41:03 step @ l180 -- tmp_pc = $v0
INFO: 2014-10-16 22:41:03 step @ l196 -- $v0 = tmp_pc
INFO: 2014-10-16 22:41:03 step @ l248 -- $v0 = ~($zero | $v0)
INFO: 2014-10-16 22:41:03 step @ l180 -- tmp_pc = $v0
INFO: 2014-10-16 22:41:03 step @ l196 -- $v1 = tmp_pc
INFO: 2014-10-16 22:41:03 step @ l296 -- $v0 = 0xdec8e49e
INFO: 2014-10-16 22:41:03 step @ l263 -- $v0 = $v1 ^ $v0
INFO: 2014-10-16 22:41:03 step @ l180 -- tmp_pc = $v0
INFO: 2014-10-16 22:41:03 step @ l196 -- $v1 = tmp_pc
INFO: 2014-10-16 22:41:03 step @ l296 -- $v0 = 0x759bcde7
INFO: 2014-10-16 22:41:03 step @ l272 -- $v0 = $v1 + $v0
INFO: 2014-10-16 22:41:03 step @ l180 -- tmp_pc = $v0
INFO: 2014-10-16 22:41:03 step @ l196 -- $v0 = tmp_pc
INFO: 2014-10-16 22:41:03 step @ l212 -- $v1 = $v0 << 6
INFO: 2014-10-16 22:41:03 step @ l233 -- $v0 >>= 26
INFO: 2014-10-16 22:41:03 step @ l254 -- $v0 = $v1 | $v0
INFO: 2014-10-16 22:41:03 step @ l180 -- tmp_pc = $v0
INFO: 2014-10-16 22:41:03 step @ l196 -- $v1 = tmp_pc
INFO: 2014-10-16 22:41:03 step @ l196 -- $v0 = var_2F0
INFO: 2014-10-16 22:41:03 step @ l263 -- $v0 = $v1 ^ $v0
INFO: 2014-10-16 22:41:03 step @ l180 -- tmp_pc = $v0
INFO: 2014-10-16 22:41:03 step @ l196 -- $v0 = tmp_pc
INFO: 2014-10-16 22:41:03 step @ l212 -- $v1 = $v0 << 18
INFO: 2014-10-16 22:41:03 step @ l233 -- $v0 >>= 14
INFO: 2014-10-16 22:41:03 step @ l254 -- $v0 = $v1 | $v0
INFO: 2014-10-16 22:41:03 step @ l180 -- tmp_pc = $v0
INFO: 2014-10-16 22:41:03 step @ l196 -- $v0 = var_2F0
INFO: 2014-10-16 22:41:03 step @ l290 -- $v0 += 1
INFO: 2014-10-16 22:41:03 step @ l196 -- $v1 = tmp_pc
INFO: 2014-10-16 22:41:03 step @ l224 -- $v1 <<= $v0
INFO: 2014-10-16 22:41:03 step @ l196 -- $v0 = var_2F0
INFO: 2014-10-16 22:41:03 step @ l248 -- $v0 = ~($zero | $v0)
INFO: 2014-10-16 22:41:03 step @ l290 -- $v0 += 32
INFO: 2014-10-16 22:41:03 step @ l196 -- $a0 = tmp_pc
INFO: 2014-10-16 22:41:03 step @ l239 -- $v0 = $a0 >> $v0
INFO: 2014-10-16 22:41:03 step @ l254 -- $v0 = $v1 | $v0
INFO: 2014-10-16 22:41:03 step @ l180 -- tmp_pc = $v0
INFO: 2014-10-16 22:41:03 step @ l196 -- $v1 = tmp_pc
INFO: 2014-10-16 22:41:03 step @ l196 -- $v0 = var_2F0
INFO: 2014-10-16 22:41:03 step @ l263 -- $v0 = $v1 ^ $v0
INFO: 2014-10-16 22:41:03 step @ l180 -- tmp_pc = $v0
INFO: 2014-10-16 22:41:03 step @ l196 -- $v0 = var_2F0
INFO: 2014-10-16 22:41:03 step @ l290 -- $v0 += 1
INFO: 2014-10-16 22:41:03 step @ l196 -- $v1 = tmp_pc
INFO: 2014-10-16 22:41:03 step @ l242 -- $v1 >>= $v0
INFO: 2014-10-16 22:41:03 step @ l196 -- $v0 = var_2F0
INFO: 2014-10-16 22:41:03 step @ l248 -- $v0 = ~($zero | $v0)
INFO: 2014-10-16 22:41:03 step @ l290 -- $v0 += 32
INFO: 2014-10-16 22:41:03 step @ l196 -- $a0 = tmp_pc
INFO: 2014-10-16 22:41:03 step @ l221 -- $v0 = $a0 << $v0
INFO: 2014-10-16 22:41:03 step @ l254 -- $v0 = $v1 | $v0
INFO: 2014-10-16 22:41:03 step @ l180 -- tmp_pc = $v0
INFO: 2014-10-16 22:41:03 step @ l196 -- $v1 = tmp_pc
INFO: 2014-10-16 22:41:03 step @ l196 -- $v0 = var_2F0
INFO: 2014-10-16 22:41:03 step @ l272 -- $v0 = $v1 + $v0
INFO: 2014-10-16 22:41:03 step @ l180 -- tmp_pc = $v0
INFO: 2014-10-16 22:41:03 step @ l196 -- $v0 = var_2F0
INFO: 2014-10-16 22:41:03 step @ l290 -- $v0 += 1
INFO: 2014-10-16 22:41:03 step @ l196 -- $v1 = tmp_pc
INFO: 2014-10-16 22:41:03 step @ l224 -- $v1 <<= $v0
INFO: 2014-10-16 22:41:03 step @ l196 -- $v0 = var_2F0
INFO: 2014-10-16 22:41:03 step @ l248 -- $v0 = ~($zero | $v0)
INFO: 2014-10-16 22:41:03 step @ l290 -- $v0 += 32
INFO: 2014-10-16 22:41:03 step @ l196 -- $a0 = tmp_pc
INFO: 2014-10-16 22:41:03 step @ l239 -- $v0 = $a0 >> $v0
INFO: 2014-10-16 22:41:03 step @ l254 -- $v0 = $v1 | $v0
INFO: 2014-10-16 22:41:03 step @ l180 -- tmp_pc = $v0
INFO: 2014-10-16 22:41:03 step @ l196 -- $v0 = tmp_pc
INFO: 2014-10-16 22:41:03 step @ l212 -- $v1 = $v0 << 5
INFO: 2014-10-16 22:41:03 step @ l233 -- $v0 >>= 27
INFO: 2014-10-16 22:41:03 step @ l254 -- $v0 = $v1 | $v0
INFO: 2014-10-16 22:41:03 step @ l180 -- tmp_pc = $v0
INFO: 2014-10-16 22:41:03 step @ l196 -- $v1 = tmp_pc
INFO: 2014-10-16 22:41:03 step @ l196 -- $v0 = var_2F0
INFO: 2014-10-16 22:41:03 step @ l263 -- $v0 = $v1 ^ $v0
INFO: 2014-10-16 22:41:03 step @ l180 -- tmp_pc = $v0
INFO: 2014-10-16 22:41:03 step @ l196 -- $v0 = var_2F0
INFO: 2014-10-16 22:41:03 step @ l290 -- $v0 += 1
INFO: 2014-10-16 22:41:03 step @ l196 -- $v1 = tmp_pc
INFO: 2014-10-16 22:41:03 step @ l224 -- $v1 <<= $v0
INFO: 2014-10-16 22:41:03 step @ l196 -- $v0 = var_2F0
INFO: 2014-10-16 22:41:03 step @ l248 -- $v0 = ~($zero | $v0)
INFO: 2014-10-16 22:41:03 step @ l290 -- $v0 += 32
INFO: 2014-10-16 22:41:03 step @ l196 -- $a0 = tmp_pc
INFO: 2014-10-16 22:41:03 step @ l239 -- $v0 = $a0 >> $v0
INFO: 2014-10-16 22:41:03 step @ l254 -- $v0 = $v1 | $v0
INFO: 2014-10-16 22:41:03 step @ l180 -- tmp_pc = $v0
INFO: 2014-10-16 22:41:03 step @ l196 -- $v1 = tmp_pc
INFO: 2014-10-16 22:41:03 step @ l196 -- $v0 = var_2F0
INFO: 2014-10-16 22:41:03 step @ l263 -- $v0 = $v1 ^ $v0
INFO: 2014-10-16 22:41:03 step @ l180 -- tmp_pc = $v0
INFO: 2014-10-16 22:41:03 step @ l196 -- $v0 = tmp_pc
INFO: 2014-10-16 22:41:03 step @ l212 -- $v1 = $v0 << 13
INFO: 2014-10-16 22:41:03 step @ l233 -- $v0 >>= 19
INFO: 2014-10-16 22:41:03 step @ l254 -- $v0 = $v1 | $v0
INFO: 2014-10-16 22:41:03 step @ l180 -- tmp_pc = $v0
INFO: 2014-10-16 22:41:03 step @ l196 -- $v1 = tmp_pc
INFO: 2014-10-16 22:41:03 step @ l296 -- $v0 = 0x1b210cec
INFO: 2014-10-16 22:41:03 step @ l272 -- $v0 = $v1 + $v0
INFO: 2014-10-16 22:41:03 step @ l180 -- tmp_pc = $v0
INFO: 2014-10-16 22:41:03 step @ l196 -- $v0 = tmp_pc
INFO: 2014-10-16 22:41:03 step @ l212 -- $v1 = $v0 << 23
INFO: 2014-10-16 22:41:03 step @ l233 -- $v0 >>= 9
INFO: 2014-10-16 22:41:03 step @ l254 -- $v0 = $v1 | $v0
INFO: 2014-10-16 22:41:03 step @ l180 -- tmp_pc = $v0
INFO: 2014-10-16 22:41:03 step @ l196 -- $v0 = tmp_pc
INFO: 2014-10-16 22:41:03 step @ l212 -- $v1 = $v0 << 4
INFO: 2014-10-16 22:41:03 step @ l233 -- $v0 >>= 28
INFO: 2014-10-16 22:41:03 step @ l254 -- $v0 = $v1 | $v0
INFO: 2014-10-16 22:41:03 step @ l180 -- tmp_pc = $v0
INFO: 2014-10-16 22:41:03 step @ l196 -- $v0 = tmp_pc
INFO: 2014-10-16 22:41:03 step @ l212 -- $v1 = $v0 << 1
INFO: 2014-10-16 22:41:03 step @ l233 -- $v0 >>= 31
INFO: 2014-10-16 22:41:03 step @ l254 -- $v0 = $v1 | $v0
INFO: 2014-10-16 22:41:03 step @ l180 -- tmp_pc = $v0
INFO: 2014-10-16 22:41:03 step @ l196 -- $v0 = tmp_pc
INFO: 2014-10-16 22:41:03 step @ l248 -- $v0 = ~($zero | $v0)
INFO: 2014-10-16 22:41:03 step @ l180 -- tmp_pc = $v0
INFO: 2014-10-16 22:41:03 step @ l196 -- $v1 = tmp_pc
INFO: 2014-10-16 22:41:03 step @ l196 -- $v0 = var_2F0
INFO: 2014-10-16 22:41:03 step @ l263 -- $v0 = $v1 ^ $v0
INFO: 2014-10-16 22:41:03 step @ l180 -- tmp_pc = $v0
INFO: 2014-10-16 22:41:03 step @ l196 -- $v1 = tmp_pc
INFO: 2014-10-16 22:41:03 step @ l296 -- $v0 = 0x438e51ae
INFO: 2014-10-16 22:41:03 step @ l272 -- $v0 = $v1 + $v0
INFO: 2014-10-16 22:41:03 step @ l180 -- tmp_pc = $v0
INFO: 2014-10-16 22:41:03 step @ l196 -- $v1 = tmp_pc
INFO: 2014-10-16 22:41:03 step @ l296 -- $v0 = 0xcf970c79
INFO: 2014-10-16 22:41:03 step @ l272 -- $v0 = $v1 + $v0
INFO: 2014-10-16 22:41:03 step @ l180 -- tmp_pc = $v0
INFO: 2014-10-16 22:41:03 step @ l196 -- $v0 = tmp_pc
INFO: 2014-10-16 22:41:03 step @ l212 -- $v1 = $v0 << 4
INFO: 2014-10-16 22:41:03 step @ l233 -- $v0 >>= 28
INFO: 2014-10-16 22:41:03 step @ l254 -- $v0 = $v1 | $v0
INFO: 2014-10-16 22:41:03 step @ l180 -- tmp_pc = $v0
INFO: 2014-10-16 22:41:03 step @ l196 -- $v0 = tmp_pc
INFO: 2014-10-16 22:41:03 step @ l248 -- $v0 = ~($zero | $v0)
INFO: 2014-10-16 22:41:03 step @ l180 -- tmp_pc = $v0
INFO: 2014-10-16 22:41:03 step @ l346 -- $v0 = 4194304
INFO: 2014-10-16 22:41:03 step @ l284 -- $v1 = $v0 + 2680
INFO: 2014-10-16 22:41:03 step @ l196 -- $v0 = tmp_pc
INFO: 2014-10-16 22:41:03 step @ l272 -- $v0 = $v1 + $v0
