INFO: 2014-10-16 22:41:03 step @ l196 -- $v0 = pc_son
INFO: 2014-10-16 22:41:03 step @ l180 -- tmp_pc = $v0
INFO: 2014-10-16 22:41:03 step @ l296 -- $v0 = 0x00400a78
INFO: 2014-10-16 22:41:03 step @ l196 -- $v1 = tmp_pc
INFO: 2014-10-16 22:41:03 step @ l305 -- $v0 = $v1 - $v0
INFO: 2014-10-16 22:41:03 step @ l180 -- tmp_pc = $v0
INFO: 2014-10-16 22:41:03 step @ l196 -- $v0 = var_300
INFO: 2014-10-16 22:41:03 step @ l296 -- $v1 = 0x446f8657
INFO: 2014-10-16 22:41:03 step @ l311 -- $lo = ($v0 * $v1) & 0xffffffff
INFO: 2014-10-16 22:41:03 step @ l312 -- $hi = ($v0 * $v1) >> 32
INFO: 2014-10-16 22:41:03 step @ l340 -- $v1 = $hi
INFO: 2014-10-16 22:41:03 step @ l302 -- $v0 -= $v1
INFO: 2014-10-16 22:41:03 step @ l233 -- $v0 >>= 1
INFO: 2014-10-16 22:41:03 step @ l272 -- $v0 = $v1 + $v0
INFO: 2014-10-16 22:41:03 step @ l233 -- $v0 >>= 6
INFO: 2014-10-16 22:41:03 step @ l180 -- var_2F0 = $v0
INFO: 2014-10-16 22:41:03 step @ l196 -- $v0 = tmp_pc
INFO: 2014-10-16 22:41:03 step @ l212 -- $v1 = $v0 << 17
INFO: 2014-10-16 22:41:03 step @ l233 -- $v0 >>= 15
INFO: 2014-10-16 22:41:03 step @ l254 -- $v0 = $v1 | $v0
INFO: 2014-10-16 22:41:03 step @ l180 -- tmp_pc = $v0
INFO: 2014-10-16 22:41:03 step @ l196 -- $v0 = var_2F0
INFO: 2014-10-16 22:41:03 step @ l290 -- $v0 += 1
INFO: 2014-10-16 22:41:03 step @ l196 -- $v1 = tmp_pc
INFO: 2014-10-16 22:41:03 step @ l242 -- $v1 >>= $v0
INFO: 2014-10-16 22:41:03 step @ l196 -- $v0 = var_2F0
INFO: 2014-10-16 22:41:03 step @ l248 -- $v0 = ~($zero | $v0)
INFO: 2014-10-16 22:41:03 step @ l290 -- $v0 += 32
INFO: 2014-10-16 22:41:03 step @ l196 -- $a0 = tmp_pc
INFO: 2014-10-16 22:41:03 step @ l221 -- $v0 = $a0 << $v0
INFO: 2014-10-16 22:41:03 step @ l254 -- $v0 = $v1 | $v0
INFO: 2014-10-16 22:41:03 step @ l180 -- tmp_pc = $v0
INFO: 2014-10-16 22:41:03 step @ l196 -- $v1 = tmp_pc
INFO: 2014-10-16 22:41:03 step @ l196 -- $v0 = var_2F0
INFO: 2014-10-16 22:41:03 step @ l305 -- $v0 = $v1 - $v0
INFO: 2014-10-16 22:41:03 step @ l180 -- tmp_pc = $v0
INFO: 2014-10-16 22:41:03 step @ l196 -- $v1 = tmp_pc
INFO: 2014-10-16 22:41:03 step @ l196 -- $v0 = var_2F0
INFO: 2014-10-16 22:41:03 step @ l263 -- $v0 = $v1 ^ $v0
INFO: 2014-10-16 22:41:03 step @ l180 -- tmp_pc = $v0
INFO: 2014-10-16 22:41:03 step @ l196 -- $v1 = tmp_pc
INFO: 2014-10-16 22:41:03 step @ l296 -- $v0 = 0x7fb21515
INFO: 2014-10-16 22:41:03 step @ l272 -- $v0 = $v1 + $v0
INFO: 2014-10-16 22:41:03 step @ l180 -- tmp_pc = $v0
INFO: 2014-10-16 22:41:03 step @ l196 -- $v0 = tmp_pc
INFO: 2014-10-16 22:41:03 step @ l212 -- $v1 = $v0 << 31
INFO: 2014-10-16 22:41:03 step @ l233 -- $v0 >>= 1
INFO: 2014-10-16 22:41:03 step @ l254 -- $v0 = $v1 | $v0
INFO: 2014-10-16 22:41:03 step @ l180 -- tmp_pc = $v0
INFO: 2014-10-16 22:41:03 step @ l196 -- $v1 = tmp_pc
INFO: 2014-10-16 22:41:03 step @ l196 -- $v0 = var_2F0
INFO: 2014-10-16 22:41:03 step @ l272 -- $v0 = $v1 + $v0
INFO: 2014-10-16 22:41:03 step @ l180 -- tmp_pc = $v0
INFO: 2014-10-16 22:41:03 step @ l196 -- $v0 = tmp_pc
INFO: 2014-10-16 22:41:03 step @ l212 -- $v1 = $v0 << 1
INFO: 2014-10-16 22:41:03 step @ l233 -- $v0 >>= 31
INFO: 2014-10-16 22:41:03 step @ l254 -- $v0 = $v1 | $v0
INFO: 2014-10-16 22:41:03 step @ l180 -- tmp_pc = $v0
INFO: 2014-10-16 22:41:03 step @ l196 -- $v0 = tmp_pc
INFO: 2014-10-16 22:41:03 step @ l212 -- $v1 = $v0 << 22
INFO: 2014-10-16 22:41:03 step @ l233 -- $v0 >>= 10
INFO: 2014-10-16 22:41:03 step @ l254 -- $v0 = $v1 | $v0
INFO: 2014-10-16 22:41:03 step @ l180 -- tmp_pc = $v0
INFO: 2014-10-16 22:41:03 step @ l196 -- $v0 = tmp_pc
INFO: 2014-10-16 22:41:03 step @ l248 -- $v0 = ~($zero | $v0)
INFO: 2014-10-16 22:41:03 step @ l180 -- tmp_pc = $v0
INFO: 2014-10-16 22:41:03 step @ l196 -- $v0 = tmp_pc
INFO: 2014-10-16 22:41:03 step @ l248 -- $v0 = ~($zero | $v0)
INFO: 2014-10-16 22:41:03 step @ l180 -- tmp_pc = $v0
INFO: 2014-10-16 22:41:03 step @ l196 -- $v0 = var_2F0
INFO: 2014-10-16 22:41:03 step @ l290 -- $v0 += 1
INFO: 2014-10-16 22:41:03 step @ l196 -- $v1 = tmp_pc
INFO: 2014-10-16 22:41:03 step @ l224 -- $v1 <<= $v0
INFO: 2014-10-16 22:41:03 step @ l196 -- $v0 = var_2F0
INFO: 2014-10-16 22:41:03 step @ l248 -- $v0 = ~($zero | $v0)
INFO: 2014-10-16 22:41:03 step @ l290 -- $v0 += 32
INFO: 2014-10-16 22:41:03 step @ l196 -- $a0 = tmp_pc
INFO: 2014-10-16 22:41:03 step @ l239 -- $v0 = $a0 >> $v0
INFO: 2014-10-16 22:41:03 step @ l254 -- $v0 = $v1 | $v0
INFO: 2014-10-16 22:41:03 step @ l180 -- tmp_pc = $v0
INFO: 2014-10-16 22:41:03 step @ l196 -- $v1 = tmp_pc
INFO: 2014-10-16 22:41:03 step @ l196 -- $v0 = var_2F0
INFO: 2014-10-16 22:41:03 step @ l272 -- $v0 = $v1 + $v0
INFO: 2014-10-16 22:41:03 step @ l180 -- tmp_pc = $v0
INFO: 2014-10-16 22:41:03 step @ l196 -- $v1 = tmp_pc
INFO: 2014-10-16 22:41:03 step @ l296 -- $v0 = 0xeaed4623
INFO: 2014-10-16 22:41:03 step @ l263 -- $v0 = $v1 ^ $v0
INFO: 2014-10-16 22:41:03 step @ l180 -- tmp_pc = $v0
INFO: 2014-10-16 22:41:03 step @ l196 -- $v1 = tmp_pc
INFO: 2014-10-16 22:41:03 step @ l196 -- $v0 = var_2F0
INFO: 2014-10-16 22:41:03 step @ l272 -- $v0 = $v1 + $v0
INFO: 2014-10-16 22:41:03 step @ l180 -- tmp_pc = $v0
INFO: 2014-10-16 22:41:03 step @ l196 -- $v1 = tmp_pc
INFO: 2014-10-16 22:41:03 step @ l296 -- $v0 = 0x247df646
INFO: 2014-10-16 22:41:03 step @ l272 -- $v0 = $v1 + $v0
INFO: 2014-10-16 22:41:03 step @ l180 -- tmp_pc = $v0
INFO: 2014-10-16 22:41:03 step @ l196 -- $v1 = tmp_pc
INFO: 2014-10-16 22:41:03 step @ l196 -- $v0 = var_2F0
INFO: 2014-10-16 22:41:03 step @ l305 -- $v0 = $v1 - $v0
INFO: 2014-10-16 22:41:03 step @ l180 -- tmp_pc = $v0
INFO: 2014-10-16 22:41:03 step @ l196 -- $v0 = tmp_pc
INFO: 2014-10-16 22:41:03 step @ l212 -- $v1 = $v0 << 1
INFO: 2014-10-16 22:41:03 step @ l233 -- $v0 >>= 31
INFO: 2014-10-16 22:41:03 step @ l254 -- $v0 = $v1 | $v0
INFO: 2014-10-16 22:41:03 step @ l180 -- tmp_pc = $v0
INFO: 2014-10-16 22:41:03 step @ l196 -- $v0 = tmp_pc
INFO: 2014-10-16 22:41:03 step @ l248 -- $v0 = ~($zero | $v0)
INFO: 2014-10-16 22:41:03 step @ l180 -- tmp_pc = $v0
INFO: 2014-10-16 22:41:03 step @ l196 -- $v1 = tmp_pc
INFO: 2014-10-16 22:41:03 step @ l196 -- $v0 = var_2F0
INFO: 2014-10-16 22:41:03 step @ l305 -- $v0 = $v1 - $v0
INFO: 2014-10-16 22:41:03 step @ l180 -- tmp_pc = $v0
INFO: 2014-10-16 22:41:03 step @ l196 -- $v1 = tmp_pc
INFO: 2014-10-16 22:41:03 step @ l296 -- $v0 = 0x66887ba9
INFO: 2014-10-16 22:41:03 step @ l272 -- $v0 = $v1 + $v0
INFO: 2014-10-16 22:41:03 step @ l180 -- tmp_pc = $v0
INFO: 2014-10-16 22:41:03 step @ l196 -- $v0 = tmp_pc
INFO: 2014-10-16 22:41:03 step @ l212 -- $v1 = $v0 << 14
INFO: 2014-10-16 22:41:03 step @ l233 -- $v0 >>= 18
INFO: 2014-10-16 22:41:03 step @ l254 -- $v0 = $v1 | $v0
INFO: 2014-10-16 22:41:03 step @ l180 -- tmp_pc = $v0
INFO: 2014-10-16 22:41:03 step @ l196 -- $v1 = tmp_pc
INFO: 2014-10-16 22:41:03 step @ l296 -- $v0 = 0xa6e6310c
INFO: 2014-10-16 22:41:03 step @ l272 -- $v0 = $v1 + $v0
INFO: 2014-10-16 22:41:03 step @ l180 -- tmp_pc = $v0
INFO: 2014-10-16 22:41:03 step @ l196 -- $v1 = tmp_pc
INFO: 2014-10-16 22:41:03 step @ l296 -- $v0 = 0x46d63ece
INFO: 2014-10-16 22:41:03 step @ l263 -- $v0 = $v1 ^ $v0
INFO: 2014-10-16 22:41:03 step @ l180 -- tmp_pc = $v0
INFO: 2014-10-16 22:41:03 step @ l196 -- $v0 = tmp_pc
INFO: 2014-10-16 22:41:03 step @ l212 -- $v1 = $v0 << 31
INFO: 2014-10-16 22:41:03 step @ l233 -- $v0 >>= 1
INFO: 2014-10-16 22:41:03 step @ l254 -- $v0 = $v1 | $v0
INFO: 2014-10-16 22:41:03 step @ l180 -- tmp_pc = $v0
INFO: 2014-10-16 22:41:03 step @ l196 -- $v1 = tmp_pc
INFO: 2014-10-16 22:41:03 step @ l196 -- $v0 = var_2F0
INFO: 2014-10-16 22:41:03 step @ l272 -- $v0 = $v1 + $v0
INFO: 2014-10-16 22:41:03 step @ l180 -- tmp_pc = $v0
INFO: 2014-10-16 22:41:03 step @ l196 -- $v0 = tmp_pc
INFO: 2014-10-16 22:41:03 step @ l248 -- $v0 = ~($zero | $v0)
INFO: 2014-10-16 22:41:03 step @ l180 -- tmp_pc = $v0
INFO: 2014-10-16 22:41:03 step @ l196 -- $v0 = tmp_pc
INFO: 2014-10-16 22:41:03 step @ l212 -- $v1 = $v0 << 28
INFO: 2014-10-16 22:41:03 step @ l233 -- $v0 >>= 4
INFO: 2014-10-16 22:41:03 step @ l254 -- $v0 = $v1 | $v0
INFO: 2014-10-16 22:41:03 step @ l180 -- tmp_pc = $v0
INFO: 2014-10-16 22:41:03 step @ l196 -- $v1 = tmp_pc
INFO: 2014-10-16 22:41:03 step @ l196 -- $v0 = var_2F0
INFO: 2014-10-16 22:41:03 step @ l305 -- $v0 = $v1 - $v0
INFO: 2014-10-16 22:41:03 step @ l180 -- tmp_pc = $v0
INFO: 2014-10-16 22:41:03 step @ l196 -- $v0 = tmp_pc
INFO: 2014-10-16 22:41:03 step @ l212 -- $v1 = $v0 << 22
INFO: 2014-10-16 22:41:03 step @ l233 -- $v0 >>= 10
INFO: 2014-10-16 22:41:03 step @ l254 -- $v0 = $v1 | $v0
INFO: 2014-10-16 22:41:03 step @ l180 -- tmp_pc = $v0
INFO: 2014-10-16 22:41:03 step @ l196 -- $v1 = tmp_pc
INFO: 2014-10-16 22:41:03 step @ l196 -- $v0 = var_2F0
INFO: 2014-10-16 22:41:03 step @ l305 -- $v0 = $v1 - $v0
INFO: 2014-10-16 22:41:03 step @ l180 -- tmp_pc = $v0
INFO: 2014-10-16 22:41:03 step @ l196 -- $v0 = tmp_pc
INFO: 2014-10-16 22:41:03 step @ l212 -- $v1 = $v0 << 18
INFO: 2014-10-16 22:41:03 step @ l233 -- $v0 >>= 14
INFO: 2014-10-16 22:41:03 step @ l254 -- $v0 = $v1 | $v0
INFO: 2014-10-16 22:41:03 step @ l180 -- tmp_pc = $v0
INFO: 2014-10-16 22:41:03 step @ l196 -- $v1 = tmp_pc
INFO: 2014-10-16 22:41:03 step @ l196 -- $v0 = var_2F0
INFO: 2014-10-16 22:41:03 step @ l272 -- $v0 = $v1 + $v0
INFO: 2014-10-16 22:41:03 step @ l180 -- tmp_pc = $v0
INFO: 2014-10-16 22:41:03 step @ l196 -- $v1 = tmp_pc
INFO: 2014-10-16 22:41:03 step @ l196 -- $v0 = var_2F0
INFO: 2014-10-16 22:41:03 step @ l263 -- $v0 = $v1 ^ $v0
INFO: 2014-10-16 22:41:03 step @ l180 -- tmp_pc = $v0
INFO: 2014-10-16 22:41:03 step @ l196 -- $v1 = tmp_pc
INFO: 2014-10-16 22:41:03 step @ l196 -- $v0 = var_2F0
INFO: 2014-10-16 22:41:03 step @ l305 -- $v0 = $v1 - $v0
INFO: 2014-10-16 22:41:03 step @ l180 -- tmp_pc = $v0
INFO: 2014-10-16 22:41:03 step @ l196 -- $v0 = tmp_pc
INFO: 2014-10-16 22:41:03 step @ l212 -- $v1 = $v0 << 6
INFO: 2014-10-16 22:41:03 step @ l233 -- $v0 >>= 26
INFO: 2014-10-16 22:41:03 step @ l254 -- $v0 = $v1 | $v0
INFO: 2014-10-16 22:41:03 step @ l180 -- tmp_pc = $v0
INFO: 2014-10-16 22:41:03 step @ l196 -- $v0 = tmp_pc
INFO: 2014-10-16 22:41:03 step @ l248 -- $v0 = ~($zero | $v0)
INFO: 2014-10-16 22:41:03 step @ l180 -- tmp_pc = $v0
INFO: 2014-10-16 22:41:03 step @ l196 -- $v1 = tmp_pc
INFO: 2014-10-16 22:41:03 step @ l296 -- $v0 = 0xb98dddd6
INFO: 2014-10-16 22:41:03 step @ l272 -- $v0 = $v1 + $v0
INFO: 2014-10-16 22:41:03 step @ l180 -- tmp_pc = $v0
INFO: 2014-10-16 22:41:03 step @ l196 -- $v1 = tmp_pc
INFO: 2014-10-16 22:41:03 step @ l196 -- $v0 = var_2F0
INFO: 2014-10-16 22:41:03 step @ l272 -- $v0 = $v1 + $v0
INFO: 2014-10-16 22:41:03 step @ l180 -- tmp_pc = $v0
INFO: 2014-10-16 22:41:03 step @ l196 -- $v0 = tmp_pc
INFO: 2014-10-16 22:41:03 step @ l248 -- $v0 = ~($zero | $v0)
INFO: 2014-10-16 22:41:03 step @ l180 -- tmp_pc = $v0
INFO: 2014-10-16 22:41:03 step @ l196 -- $v1 = tmp_pc
INFO: 2014-10-16 22:41:03 step @ l196 -- $v0 = var_2F0
INFO: 2014-10-16 22:41:03 step @ l272 -- $v0 = $v1 + $v0
INFO: 2014-10-16 22:41:03 step @ l180 -- tmp_pc = $v0
INFO: 2014-10-16 22:41:03 step @ l196 -- $v0 = tmp_pc
INFO: 2014-10-16 22:41:03 step @ l212 -- $v1 = $v0 << 14
INFO: 2014-10-16 22:41:03 step @ l233 -- $v0 >>= 18
INFO: 2014-10-16 22:41:03 step @ l254 -- $v0 = $v1 | $v0
INFO: 2014-10-16 22:41:03 step @ l180 -- tmp_pc = $v0
INFO: 2014-10-16 22:41:03 step @ l196 -- $v0 = tmp_pc
INFO: 2014-10-16 22:41:03 step @ l212 -- $v1 = $v0 << 14
INFO: 2014-10-16 22:41:03 step @ l233 -- $v0 >>= 18
INFO: 2014-10-16 22:41:03 step @ l254 -- $v0 = $v1 | $v0
INFO: 2014-10-16 22:41:03 step @ l180 -- tmp_pc = $v0
INFO: 2014-10-16 22:41:03 step @ l196 -- $v1 = tmp_pc
INFO: 2014-10-16 22:41:03 step @ l296 -- $v0 = 0xbed8172b
INFO: 2014-10-16 22:41:03 step @ l263 -- $v0 = $v1 ^ $v0
INFO: 2014-10-16 22:41:03 step @ l180 -- tmp_pc = $v0
INFO: 2014-10-16 22:41:03 step @ l196 -- $v0 = tmp_pc
INFO: 2014-10-16 22:41:03 step @ l212 -- $v1 = $v0 << 11
INFO: 2014-10-16 22:41:03 step @ l233 -- $v0 >>= 21
INFO: 2014-10-16 22:41:03 step @ l254 -- $v0 = $v1 | $v0
INFO: 2014-10-16 22:41:03 step @ l180 -- tmp_pc = $v0
INFO: 2014-10-16 22:41:03 step @ l196 -- $v0 = var_2F0
INFO: 2014-10-16 22:41:03 step @ l290 -- $v0 += 1
INFO: 2014-10-16 22:41:03 step @ l196 -- $v1 = tmp_pc
INFO: 2014-10-16 22:41:03 step @ l224 -- $v1 <<= $v0
INFO: 2014-10-16 22:41:03 step @ l196 -- $v0 = var_2F0
INFO: 2014-10-16 22:41:03 step @ l248 -- $v0 = ~($zero | $v0)
INFO: 2014-10-16 22:41:03 step @ l290 -- $v0 += 32
INFO: 2014-10-16 22:41:03 step @ l196 -- $a0 = tmp_pc
INFO: 2014-10-16 22:41:03 step @ l239 -- $v0 = $a0 >> $v0
INFO: 2014-10-16 22:41:03 step @ l254 -- $v0 = $v1 | $v0
INFO: 2014-10-16 22:41:03 step @ l180 -- tmp_pc = $v0
INFO: 2014-10-16 22:41:03 step @ l196 -- $v1 = tmp_pc
INFO: 2014-10-16 22:41:03 step @ l196 -- $v0 = var_2F0
INFO: 2014-10-16 22:41:03 step @ l272 -- $v0 = $v1 + $v0
INFO: 2014-10-16 22:41:03 step @ l180 -- tmp_pc = $v0
INFO: 2014-10-16 22:41:03 step @ l196 -- $v1 = tmp_pc
INFO: 2014-10-16 22:41:03 step @ l296 -- $v0 = 0x663d9062
INFO: 2014-10-16 22:41:03 step @ l263 -- $v0 = $v1 ^ $v0
INFO: 2014-10-16 22:41:03 step @ l180 -- tmp_pc = $v0
INFO: 2014-10-16 22:41:03 step @ l196 -- $v1 = tmp_pc
INFO: 2014-10-16 22:41:03 step @ l296 -- $v0 = 0x57b3dfb2
INFO: 2014-10-16 22:41:03 step @ l272 -- $v0 = $v1 + $v0
INFO: 2014-10-16 22:41:03 step @ l180 -- tmp_pc = $v0
INFO: 2014-10-16 22:41:03 step @ l196 -- $v0 = tmp_pc
INFO: 2014-10-16 22:41:03 step @ l212 -- $v1 = $v0 << 20
INFO: 2014-10-16 22:41:03 step @ l233 -- $v0 >>= 12
INFO: 2014-10-16 22:41:03 step @ l254 -- $v0 = $v1 | $v0
INFO: 2014-10-16 22:41:03 step @ l180 -- tmp_pc = $v0
INFO: 2014-10-16 22:41:03 step @ l196 -- $v1 = tmp_pc
INFO: 2014-10-16 22:41:03 step @ l196 -- $v0 = var_2F0
INFO: 2014-10-16 22:41:03 step @ l272 -- $v0 = $v1 + $v0
INFO: 2014-10-16 22:41:03 step @ l180 -- tmp_pc = $v0
INFO: 2014-10-16 22:41:03 step @ l196 -- $v1 = tmp_pc
INFO: 2014-10-16 22:41:03 step @ l296 -- $v0 = 0x5345b7b3
INFO: 2014-10-16 22:41:03 step @ l272 -- $v0 = $v1 + $v0
INFO: 2014-10-16 22:41:03 step @ l180 -- tmp_pc = $v0
INFO: 2014-10-16 22:41:03 step @ l196 -- $v0 = tmp_pc
INFO: 2014-10-16 22:41:03 step @ l248 -- $v0 = ~($zero | $v0)
INFO: 2014-10-16 22:41:03 step @ l180 -- tmp_pc = $v0
INFO: 2014-10-16 22:41:03 step @ l196 -- $v1 = tmp_pc
INFO: 2014-10-16 22:41:03 step @ l196 -- $v0 = var_2F0
INFO: 2014-10-16 22:41:03 step @ l272 -- $v0 = $v1 + $v0
INFO: 2014-10-16 22:41:03 step @ l180 -- tmp_pc = $v0
INFO: 2014-10-16 22:41:03 step @ l196 -- $v0 = var_2F0
INFO: 2014-10-16 22:41:03 step @ l290 -- $v0 += 1
INFO: 2014-10-16 22:41:03 step @ l196 -- $v1 = tmp_pc
INFO: 2014-10-16 22:41:03 step @ l224 -- $v1 <<= $v0
INFO: 2014-10-16 22:41:03 step @ l196 -- $v0 = var_2F0
INFO: 2014-10-16 22:41:03 step @ l248 -- $v0 = ~($zero | $v0)
INFO: 2014-10-16 22:41:03 step @ l290 -- $v0 += 32
INFO: 2014-10-16 22:41:03 step @ l196 -- $a0 = tmp_pc
INFO: 2014-10-16 22:41:03 step @ l239 -- $v0 = $a0 >> $v0
INFO: 2014-10-16 22:41:03 step @ l254 -- $v0 = $v1 | $v0
INFO: 2014-10-16 22:41:03 step @ l180 -- tmp_pc = $v0
INFO: 2014-10-16 22:41:03 step @ l196 -- $v1 = tmp_pc
INFO: 2014-10-16 22:41:03 step @ l196 -- $v0 = var_2F0
INFO: 2014-10-16 22:41:03 step @ l305 -- $v0 = $v1 - $v0
INFO: 2014-10-16 22:41:03 step @ l180 -- tmp_pc = $v0
INFO: 2014-10-16 22:41:03 step @ l196 -- $v1 = tmp_pc
INFO: 2014-10-16 22:41:03 step @ l296 -- $v0 = 0x828e9e5e
INFO: 2014-10-16 22:41:03 step @ l272 -- $v0 = $v1 + $v0
INFO: 2014-10-16 22:41:03 step @ l180 -- tmp_pc = $v0
INFO: 2014-10-16 22:41:03 step @ l196 -- $v1 = tmp_pc
INFO: 2014-10-16 22:41:03 step @ l296 -- $v0 = 0x56e376dd
INFO: 2014-10-16 22:41:03 step @ l272 -- $v0 = $v1 + $v0
INFO: 2014-10-16 22:41:03 step @ l180 -- tmp_pc = $v0
INFO: 2014-10-16 22:41:03 step @ l196 -- $v1 = tmp_pc
INFO: 2014-10-16 22:41:03 step @ l296 -- $v0 = 0x6407f0ad
INFO: 2014-10-16 22:41:03 step @ l272 -- $v0 = $v1 + $v0
INFO: 2014-10-16 22:41:03 step @ l180 -- tmp_pc = $v0
INFO: 2014-10-16 22:41:03 step @ l196 -- $v0 = var_2F0
INFO: 2014-10-16 22:41:03 step @ l290 -- $v0 += 1
INFO: 2014-10-16 22:41:03 step @ l196 -- $v1 = tmp_pc
INFO: 2014-10-16 22:41:03 step @ l224 -- $v1 <<= $v0
INFO: 2014-10-16 22:41:03 step @ l196 -- $v0 = var_2F0
INFO: 2014-10-16 22:41:03 step @ l248 -- $v0 = ~($zero | $v0)
INFO: 2014-10-16 22:41:03 step @ l290 -- $v0 += 32
INFO: 2014-10-16 22:41:03 step @ l196 -- $a0 = tmp_pc
INFO: 2014-10-16 22:41:03 step @ l239 -- $v0 = $a0 >> $v0
INFO: 2014-10-16 22:41:03 step @ l254 -- $v0 = $v1 | $v0
INFO: 2014-10-16 22:41:03 step @ l180 -- tmp_pc = $v0
INFO: 2014-10-16 22:41:03 step @ l196 -- $v0 = var_2F0
INFO: 2014-10-16 22:41:03 step @ l290 -- $v0 += 1
INFO: 2014-10-16 22:41:03 step @ l196 -- $v1 = tmp_pc
INFO: 2014-10-16 22:41:03 step @ l224 -- $v1 <<= $v0
INFO: 2014-10-16 22:41:03 step @ l196 -- $v0 = var_2F0
INFO: 2014-10-16 22:41:03 step @ l248 -- $v0 = ~($zero | $v0)
INFO: 2014-10-16 22:41:03 step @ l290 -- $v0 += 32
INFO: 2014-10-16 22:41:03 step @ l196 -- $a0 = tmp_pc
INFO: 2014-10-16 22:41:03 step @ l239 -- $v0 = $a0 >> $v0
INFO: 2014-10-16 22:41:03 step @ l254 -- $v0 = $v1 | $v0
INFO: 2014-10-16 22:41:03 step @ l180 -- tmp_pc = $v0
INFO: 2014-10-16 22:41:03 step @ l196 -- $v0 = tmp_pc
INFO: 2014-10-16 22:41:03 step @ l212 -- $v1 = $v0 << 15
INFO: 2014-10-16 22:41:03 step @ l233 -- $v0 >>= 17
INFO: 2014-10-16 22:41:03 step @ l254 -- $v0 = $v1 | $v0
INFO: 2014-10-16 22:41:03 step @ l180 -- tmp_pc = $v0
INFO: 2014-10-16 22:41:03 step @ l196 -- $v0 = var_2F0
INFO: 2014-10-16 22:41:03 step @ l290 -- $v0 += 1
INFO: 2014-10-16 22:41:03 step @ l196 -- $v1 = tmp_pc
INFO: 2014-10-16 22:41:03 step @ l224 -- $v1 <<= $v0
INFO: 2014-10-16 22:41:03 step @ l196 -- $v0 = var_2F0
INFO: 2014-10-16 22:41:03 step @ l248 -- $v0 = ~($zero | $v0)
INFO: 2014-10-16 22:41:03 step @ l290 -- $v0 += 32
INFO: 2014-10-16 22:41:03 step @ l196 -- $a0 = tmp_pc
INFO: 2014-10-16 22:41:03 step @ l239 -- $v0 = $a0 >> $v0
INFO: 2014-10-16 22:41:03 step @ l254 -- $v0 = $v1 | $v0
INFO: 2014-10-16 22:41:03 step @ l180 -- tmp_pc = $v0
INFO: 2014-10-16 22:41:03 step @ l196 -- $v0 = var_2F0
INFO: 2014-10-16 22:41:03 step @ l290 -- $v0 += 1
INFO: 2014-10-16 22:41:03 step @ l196 -- $v1 = tmp_pc
INFO: 2014-10-16 22:41:03 step @ l224 -- $v1 <<= $v0
INFO: 2014-10-16 22:41:03 step @ l196 -- $v0 = var_2F0
INFO: 2014-10-16 22:41:03 step @ l248 -- $v0 = ~($zero | $v0)
INFO: 2014-10-16 22:41:03 step @ l290 -- $v0 += 32
INFO: 2014-10-16 22:41:03 step @ l196 -- $a0 = tmp_pc
INFO: 2014-10-16 22:41:03 step @ l239 -- $v0 = $a0 >> $v0
INFO: 2014-10-16 22:41:03 step @ l254 -- $v0 = $v1 | $v0
INFO: 2014-10-16 22:41:03 step @ l180 -- tmp_pc = $v0
INFO: 2014-10-16 22:41:03 step @ l196 -- $v0 = tmp_pc
INFO: 2014-10-16 22:41:03 step @ l248 -- $v0 = ~($zero | $v0)
INFO: 2014-10-16 22:41:03 step @ l180 -- tmp_pc = $v0
INFO: 2014-10-16 22:41:03 step @ l196 -- $v1 = tmp_pc
INFO: 2014-10-16 22:41:03 step @ l296 -- $v0 = 0xfa6407eb
INFO: 2014-10-16 22:41:03 step @ l272 -- $v0 = $v1 + $v0
INFO: 2014-10-16 22:41:03 step @ l180 -- tmp_pc = $v0
INFO: 2014-10-16 22:41:03 step @ l196 -- $v0 = var_2F0
INFO: 2014-10-16 22:41:03 step @ l290 -- $v0 += 1
INFO: 2014-10-16 22:41:03 step @ l196 -- $v1 = tmp_pc
INFO: 2014-10-16 22:41:03 step @ l242 -- $v1 >>= $v0
INFO: 2014-10-16 22:41:03 step @ l196 -- $v0 = var_2F0
INFO: 2014-10-16 22:41:03 step @ l248 -- $v0 = ~($zero | $v0)
INFO: 2014-10-16 22:41:03 step @ l290 -- $v0 += 32
INFO: 2014-10-16 22:41:03 step @ l196 -- $a0 = tmp_pc
INFO: 2014-10-16 22:41:03 step @ l221 -- $v0 = $a0 << $v0
INFO: 2014-10-16 22:41:03 step @ l254 -- $v0 = $v1 | $v0
INFO: 2014-10-16 22:41:03 step @ l180 -- tmp_pc = $v0
INFO: 2014-10-16 22:41:03 step @ l196 -- $v0 = tmp_pc
INFO: 2014-10-16 22:41:03 step @ l212 -- $v1 = $v0 << 24
INFO: 2014-10-16 22:41:03 step @ l233 -- $v0 >>= 8
INFO: 2014-10-16 22:41:03 step @ l254 -- $v0 = $v1 | $v0
INFO: 2014-10-16 22:41:03 step @ l180 -- tmp_pc = $v0
INFO: 2014-10-16 22:41:03 step @ l196 -- $v1 = tmp_pc
INFO: 2014-10-16 22:41:03 step @ l196 -- $v0 = var_2F0
INFO: 2014-10-16 22:41:03 step @ l272 -- $v0 = $v1 + $v0
INFO: 2014-10-16 22:41:03 step @ l180 -- tmp_pc = $v0
INFO: 2014-10-16 22:41:03 step @ l196 -- $v0 = tmp_pc
INFO: 2014-10-16 22:41:03 step @ l248 -- $v0 = ~($zero | $v0)
INFO: 2014-10-16 22:41:03 step @ l180 -- tmp_pc = $v0
INFO: 2014-10-16 22:41:03 step @ l196 -- $v1 = tmp_pc
INFO: 2014-10-16 22:41:03 step @ l296 -- $v0 = 0xf217f7c2
INFO: 2014-10-16 22:41:03 step @ l272 -- $v0 = $v1 + $v0
INFO: 2014-10-16 22:41:03 step @ l180 -- tmp_pc = $v0
INFO: 2014-10-16 22:41:03 step @ l196 -- $v1 = tmp_pc
INFO: 2014-10-16 22:41:03 step @ l196 -- $v0 = var_2F0
INFO: 2014-10-16 22:41:03 step @ l272 -- $v0 = $v1 + $v0
INFO: 2014-10-16 22:41:03 step @ l180 -- tmp_pc = $v0
INFO: 2014-10-16 22:41:03 step @ l196 -- $v1 = tmp_pc
INFO: 2014-10-16 22:41:03 step @ l296 -- $v0 = 0x3ac80432
INFO: 2014-10-16 22:41:03 step @ l272 -- $v0 = $v1 + $v0
INFO: 2014-10-16 22:41:03 step @ l180 -- tmp_pc = $v0
INFO: 2014-10-16 22:41:03 step @ l196 -- $v1 = tmp_pc
INFO: 2014-10-16 22:41:03 step @ l296 -- $v0 = 0x155a85b7
INFO: 2014-10-16 22:41:03 step @ l263 -- $v0 = $v1 ^ $v0
INFO: 2014-10-16 22:41:03 step @ l180 -- tmp_pc = $v0
INFO: 2014-10-16 22:41:03 step @ l196 -- $v1 = tmp_pc
INFO: 2014-10-16 22:41:03 step @ l296 -- $v0 = 0xca0fdc0e
INFO: 2014-10-16 22:41:03 step @ l272 -- $v0 = $v1 + $v0
INFO: 2014-10-16 22:41:03 step @ l180 -- tmp_pc = $v0
INFO: 2014-10-16 22:41:03 step @ l196 -- $v1 = tmp_pc
INFO: 2014-10-16 22:41:03 step @ l296 -- $v0 = 0x499ea031
INFO: 2014-10-16 22:41:03 step @ l272 -- $v0 = $v1 + $v0
INFO: 2014-10-16 22:41:03 step @ l180 -- tmp_pc = $v0
INFO: 2014-10-16 22:41:03 step @ l196 -- $v0 = var_2F0
INFO: 2014-10-16 22:41:03 step @ l290 -- $v0 += 1
INFO: 2014-10-16 22:41:03 step @ l196 -- $v1 = tmp_pc
INFO: 2014-10-16 22:41:03 step @ l224 -- $v1 <<= $v0
INFO: 2014-10-16 22:41:03 step @ l196 -- $v0 = var_2F0
INFO: 2014-10-16 22:41:03 step @ l248 -- $v0 = ~($zero | $v0)
INFO: 2014-10-16 22:41:03 step @ l290 -- $v0 += 32
INFO: 2014-10-16 22:41:03 step @ l196 -- $a0 = tmp_pc
INFO: 2014-10-16 22:41:03 step @ l239 -- $v0 = $a0 >> $v0
INFO: 2014-10-16 22:41:03 step @ l254 -- $v0 = $v1 | $v0
INFO: 2014-10-16 22:41:03 step @ l180 -- tmp_pc = $v0
INFO: 2014-10-16 22:41:03 step @ l196 -- $v1 = tmp_pc
INFO: 2014-10-16 22:41:03 step @ l296 -- $v0 = 0x26db7f0c
INFO: 2014-10-16 22:41:03 step @ l272 -- $v0 = $v1 + $v0
INFO: 2014-10-16 22:41:03 step @ l180 -- tmp_pc = $v0
INFO: 2014-10-16 22:41:03 step @ l196 -- $v1 = tmp_pc
INFO: 2014-10-16 22:41:03 step @ l296 -- $v0 = 0xb0e1a02b
INFO: 2014-10-16 22:41:03 step @ l263 -- $v0 = $v1 ^ $v0
INFO: 2014-10-16 22:41:03 step @ l180 -- tmp_pc = $v0
INFO: 2014-10-16 22:41:03 step @ l196 -- $v1 = tmp_pc
INFO: 2014-10-16 22:41:03 step @ l296 -- $v0 = 0x055dbcb6
INFO: 2014-10-16 22:41:03 step @ l263 -- $v0 = $v1 ^ $v0
INFO: 2014-10-16 22:41:03 step @ l180 -- tmp_pc = $v0
INFO: 2014-10-16 22:41:03 step @ l196 -- $v0 = tmp_pc
INFO: 2014-10-16 22:41:03 step @ l212 -- $v1 = $v0 << 5
INFO: 2014-10-16 22:41:03 step @ l233 -- $v0 >>= 27
INFO: 2014-10-16 22:41:03 step @ l254 -- $v0 = $v1 | $v0
INFO: 2014-10-16 22:41:03 step @ l180 -- tmp_pc = $v0
INFO: 2014-10-16 22:41:03 step @ l196 -- $v1 = tmp_pc
INFO: 2014-10-16 22:41:03 step @ l296 -- $v0 = 0x9aa481cd
INFO: 2014-10-16 22:41:03 step @ l272 -- $v0 = $v1 + $v0
INFO: 2014-10-16 22:41:03 step @ l180 -- tmp_pc = $v0
INFO: 2014-10-16 22:41:03 step @ l196 -- $v1 = tmp_pc
INFO: 2014-10-16 22:41:03 step @ l196 -- $v0 = var_2F0
INFO: 2014-10-16 22:41:03 step @ l263 -- $v0 = $v1 ^ $v0
INFO: 2014-10-16 22:41:03 step @ l180 -- tmp_pc = $v0
INFO: 2014-10-16 22:41:03 step @ l196 -- $v0 = tmp_pc
INFO: 2014-10-16 22:41:03 step @ l248 -- $v0 = ~($zero | $v0)
INFO: 2014-10-16 22:41:03 step @ l180 -- tmp_pc = $v0
INFO: 2014-10-16 22:41:03 step @ l196 -- $v1 = tmp_pc
INFO: 2014-10-16 22:41:03 step @ l296 -- $v0 = 0xf87093bd
INFO: 2014-10-16 22:41:03 step @ l272 -- $v0 = $v1 + $v0
INFO: 2014-10-16 22:41:03 step @ l180 -- tmp_pc = $v0
INFO: 2014-10-16 22:41:03 step @ l196 -- $v0 = tmp_pc
INFO: 2014-10-16 22:41:03 step @ l212 -- $v1 = $v0 << 4
INFO: 2014-10-16 22:41:03 step @ l233 -- $v0 >>= 28
INFO: 2014-10-16 22:41:03 step @ l254 -- $v0 = $v1 | $v0
INFO: 2014-10-16 22:41:03 step @ l180 -- tmp_pc = $v0
INFO: 2014-10-16 22:41:03 step @ l196 -- $v0 = var_2F0
INFO: 2014-10-16 22:41:03 step @ l290 -- $v0 += 1
INFO: 2014-10-16 22:41:03 step @ l196 -- $v1 = tmp_pc
INFO: 2014-10-16 22:41:03 step @ l224 -- $v1 <<= $v0
INFO: 2014-10-16 22:41:03 step @ l196 -- $v0 = var_2F0
INFO: 2014-10-16 22:41:03 step @ l248 -- $v0 = ~($zero | $v0)
INFO: 2014-10-16 22:41:03 step @ l290 -- $v0 += 32
INFO: 2014-10-16 22:41:03 step @ l196 -- $a0 = tmp_pc
INFO: 2014-10-16 22:41:03 step @ l239 -- $v0 = $a0 >> $v0
INFO: 2014-10-16 22:41:03 step @ l254 -- $v0 = $v1 | $v0
INFO: 2014-10-16 22:41:03 step @ l180 -- tmp_pc = $v0
INFO: 2014-10-16 22:41:03 step @ l196 -- $v1 = tmp_pc
INFO: 2014-10-16 22:41:03 step @ l196 -- $v0 = var_2F0
INFO: 2014-10-16 22:41:03 step @ l263 -- $v0 = $v1 ^ $v0
INFO: 2014-10-16 22:41:03 step @ l180 -- tmp_pc = $v0
INFO: 2014-10-16 22:41:03 step @ l196 -- $v1 = tmp_pc
INFO: 2014-10-16 22:41:03 step @ l296 -- $v0 = 0x53ec47bb
INFO: 2014-10-16 22:41:03 step @ l263 -- $v0 = $v1 ^ $v0
INFO: 2014-10-16 22:41:03 step @ l180 -- tmp_pc = $v0
INFO: 2014-10-16 22:41:03 step @ l196 -- $v1 = tmp_pc
INFO: 2014-10-16 22:41:03 step @ l196 -- $v0 = var_2F0
INFO: 2014-10-16 22:41:03 step @ l305 -- $v0 = $v1 - $v0
INFO: 2014-10-16 22:41:03 step @ l180 -- tmp_pc = $v0
INFO: 2014-10-16 22:41:03 step @ l196 -- $v1 = tmp_pc
INFO: 2014-10-16 22:41:03 step @ l296 -- $v0 = 0x76e63f9c
INFO: 2014-10-16 22:41:03 step @ l272 -- $v0 = $v1 + $v0
INFO: 2014-10-16 22:41:03 step @ l180 -- tmp_pc = $v0
INFO: 2014-10-16 22:41:03 step @ l196 -- $v0 = var_2F0
INFO: 2014-10-16 22:41:03 step @ l290 -- $v0 += 1
INFO: 2014-10-16 22:41:03 step @ l196 -- $v1 = tmp_pc
INFO: 2014-10-16 22:41:03 step @ l242 -- $v1 >>= $v0
INFO: 2014-10-16 22:41:03 step @ l196 -- $v0 = var_2F0
INFO: 2014-10-16 22:41:03 step @ l248 -- $v0 = ~($zero | $v0)
INFO: 2014-10-16 22:41:03 step @ l290 -- $v0 += 32
INFO: 2014-10-16 22:41:03 step @ l196 -- $a0 = tmp_pc
INFO: 2014-10-16 22:41:03 step @ l221 -- $v0 = $a0 << $v0
INFO: 2014-10-16 22:41:03 step @ l254 -- $v0 = $v1 | $v0
INFO: 2014-10-16 22:41:03 step @ l180 -- tmp_pc = $v0
INFO: 2014-10-16 22:41:03 step @ l196 -- $v0 = tmp_pc
INFO: 2014-10-16 22:41:03 step @ l212 -- $v1 = $v0 << 18
INFO: 2014-10-16 22:41:03 step @ l233 -- $v0 >>= 14
INFO: 2014-10-16 22:41:03 step @ l254 -- $v0 = $v1 | $v0
INFO: 2014-10-16 22:41:03 step @ l180 -- tmp_pc = $v0
INFO: 2014-10-16 22:41:03 step @ l196 -- $v0 = tmp_pc
INFO: 2014-10-16 22:41:03 step @ l248 -- $v0 = ~($zero | $v0)
INFO: 2014-10-16 22:41:03 step @ l180 -- tmp_pc = $v0
INFO: 2014-10-16 22:41:03 step @ l196 -- $v0 = tmp_pc
INFO: 2014-10-16 22:41:03 step @ l248 -- $v0 = ~($zero | $v0)
INFO: 2014-10-16 22:41:03 step @ l180 -- tmp_pc = $v0
INFO: 2014-10-16 22:41:03 step @ l196 -- $v0 = var_2F0
INFO: 2014-10-16 22:41:03 step @ l290 -- $v0 += 1
INFO: 2014-10-16 22:41:03 step @ l196 -- $v1 = tmp_pc
INFO: 2014-10-16 22:41:03 step @ l224 -- $v1 <<= $v0
INFO: 2014-10-16 22:41:03 step @ l196 -- $v0 = var_2F0
INFO: 2014-10-16 22:41:03 step @ l248 -- $v0 = ~($zero | $v0)
INFO: 2014-10-16 22:41:03 step @ l290 -- $v0 += 32
INFO: 2014-10-16 22:41:03 step @ l196 -- $a0 = tmp_pc
INFO: 2014-10-16 22:41:03 step @ l239 -- $v0 = $a0 >> $v0
INFO: 2014-10-16 22:41:03 step @ l254 -- $v0 = $v1 | $v0
INFO: 2014-10-16 22:41:03 step @ l180 -- tmp_pc = $v0
INFO: 2014-10-16 22:41:03 step @ l196 -- $v1 = tmp_pc
INFO: 2014-10-16 22:41:03 step @ l296 -- $v0 = 0x4660b302
INFO: 2014-10-16 22:41:03 step @ l263 -- $v0 = $v1 ^ $v0
INFO: 2014-10-16 22:41:03 step @ l180 -- tmp_pc = $v0
INFO: 2014-10-16 22:41:03 step @ l196 -- $v0 = tmp_pc
INFO: 2014-10-16 22:41:03 step @ l248 -- $v0 = ~($zero | $v0)
INFO: 2014-10-16 22:41:03 step @ l180 -- tmp_pc = $v0
INFO: 2014-10-16 22:41:03 step @ l196 -- $v0 = var_2F0
INFO: 2014-10-16 22:41:03 step @ l290 -- $v0 += 1
INFO: 2014-10-16 22:41:03 step @ l196 -- $v1 = tmp_pc
INFO: 2014-10-16 22:41:03 step @ l242 -- $v1 >>= $v0
INFO: 2014-10-16 22:41:03 step @ l196 -- $v0 = var_2F0
INFO: 2014-10-16 22:41:03 step @ l248 -- $v0 = ~($zero | $v0)
INFO: 2014-10-16 22:41:03 step @ l290 -- $v0 += 32
INFO: 2014-10-16 22:41:03 step @ l196 -- $a0 = tmp_pc
INFO: 2014-10-16 22:41:03 step @ l221 -- $v0 = $a0 << $v0
INFO: 2014-10-16 22:41:03 step @ l254 -- $v0 = $v1 | $v0
INFO: 2014-10-16 22:41:03 step @ l180 -- tmp_pc = $v0
INFO: 2014-10-16 22:41:03 step @ l196 -- $v0 = var_2F0
INFO: 2014-10-16 22:41:03 step @ l290 -- $v0 += 1
INFO: 2014-10-16 22:41:03 step @ l196 -- $v1 = tmp_pc
INFO: 2014-10-16 22:41:03 step @ l242 -- $v1 >>= $v0
INFO: 2014-10-16 22:41:03 step @ l196 -- $v0 = var_2F0
INFO: 2014-10-16 22:41:03 step @ l248 -- $v0 = ~($zero | $v0)
INFO: 2014-10-16 22:41:03 step @ l290 -- $v0 += 32
INFO: 2014-10-16 22:41:03 step @ l196 -- $a0 = tmp_pc
INFO: 2014-10-16 22:41:03 step @ l221 -- $v0 = $a0 << $v0
INFO: 2014-10-16 22:41:03 step @ l254 -- $v0 = $v1 | $v0
INFO: 2014-10-16 22:41:03 step @ l180 -- tmp_pc = $v0
